Content-Type: text/plain; charset="utf-8"
MIME-Version: 1.0
Content-Transfer-Encoding: 7bit
Subject: Password reset on 127.0.0.1:8000
From: webmaster@localhost
To: simon@scruffyhorse.com
Date: Sun, 06 Dec 2020 22:22:30 -0000
Message-ID: <160729335099.13678.15955352392258626865@simons-mbp.lan>

<!DOCTYPE html>
<html lang="en">
<head>
    <meta charset="UTF-8">
    <meta name="viewport" content="width=device-width, initial-scale=1.0">
    <title>Hey There</title>

</head>
<body>
    <p> hey there deliah</p>
    <a  href="http://127.0.0.1:8000/accounts/reset/MQ/aehcti-f2cbcf93cbd3ab4c68ecf58a388c9b30/" style=".."> Reset Password </a>
    
  You're receiving this e-mail because you requested a password reset for your Xandar account. Thanks for using our site! The 127.0.0.1:8000 team  
</body>
</html>
-------------------------------------------------------------------------------
